[debug] [2021-03-31T10:05:45.815Z] ----------------------------------------------------------------------
[debug] [2021-03-31T10:05:45.824Z] Command:       C:\Program Files\nodejs\node.exe C:\Users\lenovo\AppData\Roaming\npm\node_modules\firebase-tools\lib\bin\firebase.js init
[debug] [2021-03-31T10:05:45.826Z] CLI Version:   9.8.0
[debug] [2021-03-31T10:05:45.826Z] Platform:      win32
[debug] [2021-03-31T10:05:45.827Z] Node Version:  v14.15.1
[debug] [2021-03-31T10:05:45.830Z] Time:          Wed Mar 31 2021 15:35:45 GMT+0530 (India Standard Time)
[debug] [2021-03-31T10:05:45.831Z] ----------------------------------------------------------------------
[debug] 
[debug] [2021-03-31T10:05:45.866Z] > command requires scopes: ["email","openid","https://www.googleapis.com/auth/cloudplatformprojects.readonly","https://www.googleapis.com/auth/firebase","https://www.googleapis.com/auth/cloud-platform"]
[debug] [2021-03-31T10:05:45.870Z] > authorizing via signed-in user
[info] 
     ######## #### ########  ######## ########     ###     ######  ########
     ##        ##  ##     ## ##       ##     ##  ##   ##  ##       ##
     ######    ##  ########  ######   ########  #########  ######  ######
     ##        ##  ##    ##  ##       ##     ## ##     ##       ## ##
     ##       #### ##     ## ######## ########  ##     ##  ######  ########

You're about to initialize a Firebase project in this directory:

  D:\10-projects-10-hours

Before we get started, keep in mind:

  * You are initializing in an existing Firebase project directory

[info] 
=== Project Setup
[info] 
[info] First, let's associate this project directory with a Firebase project.
[info] You can create multiple project aliases by running firebase use --add, 
[info] but for now we'll just set up a default project.
[info] 
[info] i  .firebaserc already has a default project, using countdown-timer-for-new-year. 
[debug] [2021-03-31T10:06:25.624Z] > refreshing access token with scopes: []
[debug] [2021-03-31T10:06:25.626Z] >>> HTTP REQUEST POST https://www.googleapis.com/oauth2/v3/token  
 <request body omitted>
[debug] [2021-03-31T10:06:29.964Z] <<< HTTP RESPONSE 200 {"pragma":"no-cache","expires":"Mon, 01 Jan 1990 00:00:00 GMT","cache-control":"no-cache, no-store, max-age=0, must-revalidate","date":"Wed, 31 Mar 2021 10:06:31 GMT","content-type":"application/json; charset=utf-8","vary":"X-Origin, Referer, Origin,Accept-Encoding","server":"scaffolding on HTTPServer2","x-xss-protection":"0","x-frame-options":"SAMEORIGIN","x-content-type-options":"nosniff","alt-svc":"h3-29=\":443\"; ma=2592000,h3-T051=\":443\"; ma=2592000,h3-Q050=\":443\"; ma=2592000,h3-Q046=\":443\"; ma=2592000,h3-Q043=\":443\"; ma=2592000,quic=\":443\"; ma=2592000; v=\"46,43\"","accept-ranges":"none","transfer-encoding":"chunked"}
[debug] [2021-03-31T10:06:30.013Z] >>> [apiv2][query] GET https://firebase.googleapis.com/v1beta1/projects/countdown-timer-for-new-year [none]
[debug] [2021-03-31T10:06:31.118Z] <<< [apiv2][status] GET https://firebase.googleapis.com/v1beta1/projects/countdown-timer-for-new-year 200
[debug] [2021-03-31T10:06:31.119Z] <<< [apiv2][body] GET https://firebase.googleapis.com/v1beta1/projects/countdown-timer-for-new-year {"projectId":"countdown-timer-for-new-year","projectNumber":"1083414767023","displayName":"Countdown timer For new year","name":"projects/countdown-timer-for-new-year","resources":{"hostingSite":"countdown-timer-for-new-year","realtimeDatabaseInstance":"countdown-timer-for-new-year","storageBucket":"countdown-timer-for-new-year.appspot.com","locationId":"asia-east2"},"state":"ACTIVE"}
[info] 
=== Hosting Setup
[info] 
[info] Your public directory is the folder (relative to your project directory) that
[info] will contain Hosting assets to be uploaded with firebase deploy. If you
[info] have a build process for your assets, use your build's output directory.
[info] 
[info] i  Skipping write of public/404.html 
[debug] [2021-03-31T10:06:45.185Z] >>> [apiv2][query] GET https://www.gstatic.com/firebasejs/releases.json [none]
[debug] [2021-03-31T10:06:46.305Z] <<< [apiv2][status] GET https://www.gstatic.com/firebasejs/releases.json 200
[debug] [2021-03-31T10:06:46.306Z] <<< [apiv2][body] GET https://www.gstatic.com/firebasejs/releases.json {"current":{"version":"8.3.1","browserURL":"https://www.gstatic.com/firebasejs/8.3.1/firebase.js","packageURL":"https://www.gstatic.com/firebasejs/8.3.1/firebase.tgz"},"live":{"version":"8.3","browserURL":"https://www.gstatic.com/firebasejs/live/8.3/firebase.js","packageURL":"https://www.gstatic.com/firebasejs/live/8.3/firebase.tgz"},"components":{"analytics":"https://www.gstatic.com/firebasejs/8.3.1/firebase-analytics.js","app":"https://www.gstatic.com/firebasejs/8.3.1/firebase-app.js","auth":"https://www.gstatic.com/firebasejs/8.3.1/firebase-auth.js","database":"https://www.gstatic.com/firebasejs/8.3.1/firebase-database.js","firestore":"https://www.gstatic.com/firebasejs/8.3.1/firebase-firestore.js","functions":"https://www.gstatic.com/firebasejs/8.3.1/firebase-functions.js","installations":"https://www.gstatic.com/firebasejs/8.3.1/firebase-installations.js","messaging":"https://www.gstatic.com/firebasejs/8.3.1/firebase-messaging.js","storage":"https://www.gstatic.com/firebasejs/8.3.1/firebase-storage.js","performance":"https://www.gstatic.com/firebasejs/8.3.1/firebase-performance.js","remote-config":"https://www.gstatic.com/firebasejs/8.3.1/firebase-remote-config.js","firestore.memory":"https://www.gstatic.com/firebasejs/8.3.1/firebase-firestore.memory.js"}}
[info] +  Wrote public/index.html 
[info] 
[info] i  Detected a .git folder at D:\10-projects-10-hours 
[info] i  Authorizing with GitHub to upload your service account to a GitHub repository's secrets store. 
[info] 
[info] Visit this URL on this device to log in:
[info] https://github.com/login/oauth/authorize?client_id=89cf50f02ac6aaed3484&state=199669329&redirect_uri=http%3A%2F%2Flocalhost%3A9005&scope=read%3Auser%20repo%20public_repo
[info] 
[info] Waiting for authentication...
[debug] [2021-03-31T10:06:57.512Z] >>> HTTP REQUEST POST https://github.com/login/oauth/access_token  
 {"client_id":"89cf50f02ac6aaed3484","client_secret":"3330d14abc895d9a74d5f17cd7a00711fa2c5bf0","code":"034c601365c60fd59d93","redirect_uri":"http://localhost:9005","state":"199669329"}
[debug] [2021-03-31T10:06:58.640Z] <<< HTTP RESPONSE 200 {"server":"GitHub.com","date":"Wed, 31 Mar 2021 10:06:59 GMT","content-type":"application/json; charset=utf-8","transfer-encoding":"chunked","vary":"X-PJAX, Accept-Encoding, Accept, X-Requested-With","etag":"W/\"a946ee5e6895b01a40c9982be34b5c58\"","cache-control":"max-age=0, private, must-revalidate","strict-transport-security":"max-age=31536000; includeSubdomains; preload","x-frame-options":"deny","x-content-type-options":"nosniff","x-xss-protection":"0","referrer-policy":"origin-when-cross-origin, strict-origin-when-cross-origin","expect-ct":"max-age=2592000, report-uri=\"https://api.github.com/_private/browser/errors\"","content-security-policy":"default-src 'none'; base-uri 'self'; block-all-mixed-content; connect-src 'self' uploads.github.com www.githubstatus.com collector.githubapp.com api.github.com github-cloud.s3.amazonaws.com github-production-repository-file-5c1aeb.s3.amazonaws.com github-production-upload-manifest-file-7fdce7.s3.amazonaws.com github-production-user-asset-6210df.s3.amazonaws.com cdn.optimizely.com logx.optimizely.com/v1/events wss://alive.github.com; font-src github.githubassets.com; form-action 'self' github.com gist.github.com; frame-ancestors 'none'; frame-src render.githubusercontent.com; img-src 'self' data: github.githubassets.com identicons.github.com collector.githubapp.com github-cloud.s3.amazonaws.com secured-user-images.githubusercontent.com/ *.githubusercontent.com; manifest-src 'self'; media-src 'none'; script-src github.githubassets.com; style-src 'unsafe-inline' github.githubassets.com; worker-src github.com/socket-worker-3f088aa2.js gist.github.com/socket-worker-3f088aa2.js","x-github-request-id":"FE22:20D3:4DF0C3:54E08A:606449C3"}
[debug] [2021-03-31T10:06:58.707Z] >>> [apiv2][query] GET https://api.github.com/user [none]
[debug] [2021-03-31T10:06:59.997Z] <<< [apiv2][status] GET https://api.github.com/user 200
[debug] [2021-03-31T10:06:59.997Z] <<< [apiv2][body] GET https://api.github.com/user {"login":"its-shubham2323","id":65482186,"node_id":"MDQ6VXNlcjY1NDgyMTg2","avatar_url":"https://avatars.githubusercontent.com/u/65482186?v=4","gravatar_id":"","url":"https://api.github.com/users/its-shubham2323","html_url":"https://github.com/its-shubham2323","followers_url":"https://api.github.com/users/its-shubham2323/followers","following_url":"https://api.github.com/users/its-shubham2323/following{/other_user}","gists_url":"https://api.github.com/users/its-shubham2323/gists{/gist_id}","starred_url":"https://api.github.com/users/its-shubham2323/starred{/owner}{/repo}","subscriptions_url":"https://api.github.com/users/its-shubham2323/subscriptions","organizations_url":"https://api.github.com/users/its-shubham2323/orgs","repos_url":"https://api.github.com/users/its-shubham2323/repos","events_url":"https://api.github.com/users/its-shubham2323/events{/privacy}","received_events_url":"https://api.github.com/users/its-shubham2323/received_events","type":"User","site_admin":false,"name":"Shubham Pitekar","company":null,"blog":"","location":"AURANGABAD MAHARASHTRA INDIA - 431010","email":null,"hireable":null,"bio":null,"twitter_username":null,"public_repos":4,"public_gists":0,"followers":0,"following":3,"created_at":"2020-05-17T06:24:25Z","updated_at":"2021-03-31T09:53:43Z","private_gists":0,"total_private_repos":0,"owned_private_repos":0,"disk_usage":1,"collaborators":0,"two_factor_authentication":false,"plan":{"name":"pro","space":976562499,"collaborators":0,"private_repos":9999}}
[info] 
[info] +  Success! Logged into GitHub as its-shubham2323 
[info] 
[debug] [2021-03-31T10:07:43.559Z] >>> [apiv2][query] GET https://api.github.com/repos//actions/secrets/public-key type=owner
[debug] [2021-03-31T10:07:44.327Z] <<< [apiv2][status] GET https://api.github.com/repos//actions/secrets/public-key 404
[debug] [2021-03-31T10:07:44.328Z] <<< [apiv2][body] GET https://api.github.com/repos//actions/secrets/public-key {"message":"Not Found","documentation_url":"https://docs.github.com/rest"}
[debug] [2021-03-31T10:07:44.778Z] >>> [apiv2][query] GET https://api.github.com/repos//actions/secrets/public-key type=owner
[debug] [2021-03-31T10:07:45.455Z] <<< [apiv2][status] GET https://api.github.com/repos//actions/secrets/public-key 404
[debug] [2021-03-31T10:07:45.455Z] <<< [apiv2][body] GET https://api.github.com/repos//actions/secrets/public-key {"message":"Not Found","documentation_url":"https://docs.github.com/rest"}
[debug] [2021-03-31T10:07:45.774Z] >>> [apiv2][query] GET https://api.github.com/repos//actions/secrets/public-key type=owner
[debug] [2021-03-31T10:07:46.410Z] <<< [apiv2][status] GET https://api.github.com/repos//actions/secrets/public-key 404
[debug] [2021-03-31T10:07:46.411Z] <<< [apiv2][body] GET https://api.github.com/repos//actions/secrets/public-key {"message":"Not Found","documentation_url":"https://docs.github.com/rest"}
